2022-09-15 14:36:56 0 [Note] InnoDB: Compressed tables use zlib 1.2.12
2022-09-15 14:36:56 0 [Note] InnoDB: Number of transaction pools: 1
2022-09-15 14:36:56 0 [Note] InnoDB: Using crc32 + pclmulqdq instructions
2022-09-15 14:36:56 0 [Note] InnoDB: Initializing buffer pool, total size = 0.961GiB, chunk size = 15.375MiB
2022-09-15 14:36:56 0 [Note] InnoDB: Completed initialization of buffer pool
2022-09-15 14:36:56 0 [Note] InnoDB: File system buffers for log disabled (block size=512 bytes)
2022-09-15 14:36:56 0 [Note] InnoDB: 128 rollback segments are active.
2022-09-15 14:36:56 0 [Note] InnoDB: Setting file './ibtmp1' size to 12.000MiB. Physically writing the file full; Please wait ...
2022-09-15 14:36:56 0 [Note] InnoDB: File './ibtmp1' size is now 12.000MiB.
2022-09-15 14:36:56 0 [Note] InnoDB: log sequence number 46617; transaction id 14
2022-09-15 14:36:56 0 [Note] Plugin 'FEEDBACK' is disabled.
2022-09-15 14:36:56 0 [Note] InnoDB: Loading buffer pool(s) from C:\Program Files\MariaDB 10.9\data\ib_buffer_pool
2022-09-15 14:36:56 0 [Note] InnoDB: Buffer pool(s) load completed at 220915 14:36:56
2022-09-15 14:36:56 0 [Note] Server socket created on IP: '::'.
2022-09-15 14:36:56 0 [Note] Server socket created on IP: '0.0.0.0'.
2022-09-15 14:36:57 0 [Note] C:\Program Files\MariaDB 10.9\bin\mysqld.exe: ready for connections.
Version: '10.9.2-MariaDB'  socket: ''  port: 3308  mariadb.org binary distribution
2022-09-15 14:50:50 4 [Warning] Access denied for user 'root'@'localhost' (using password: NO)
2022-09-16  1:38:11 143 [Warning] Aborted connection 143 to db: 'mydb' user: 'root' host: 'localhost' (Got an error reading communication packets)
2022-09-16  1:38:11 145 [Warning] Aborted connection 145 to db: 'mydb' user: 'root' host: 'localhost' (Got an error reading communication packets)
2022-09-16  1:38:11 142 [Warning] Aborted connection 142 to db: 'mydb' user: 'root' host: 'localhost' (Got an error reading communication packets)
2022-09-16  1:38:11 148 [Warning] Aborted connection 148 to db: 'mydb' user: 'root' host: 'localhost' (Got an error reading communication packets)
2022-09-16  1:38:11 146 [Warning] Aborted connection 146 to db: 'mydb' user: 'root' host: 'localhost' (Got an error reading communication packets)
2022-09-16  1:38:11 141 [Warning] Aborted connection 141 to db: 'mydb' user: 'root' host: 'localhost' (Got an error reading communication packets)
2022-09-16  1:38:11 149 [Warning] Aborted connection 149 to db: 'mydb' user: 'root' host: 'localhost' (Got an error reading communication packets)
2022-09-16  1:38:11 140 [Warning] Aborted connection 140 to db: 'mydb' user: 'root' host: 'localhost' (Got an error reading communication packets)
2022-09-16  1:38:11 147 [Warning] Aborted connection 147 to db: 'mydb' user: 'root' host: 'localhost' (Got an error reading communication packets)
2022-09-16  1:38:11 144 [Warning] Aborted connection 144 to db: 'mydb' user: 'root' host: 'localhost' (Got an error reading communication packets)
2022-09-16  1:58:08 3 [Warning] Aborted connection 3 to db: 'mydb' user: 'root' host: 'localhost' (Got an error reading communication packets)
2022-09-18 23:58:16 0 [Note] Windows service "MariaDB":  received SERVICE_CONTROL_SHUTDOWN
2022-09-18 23:58:16 0 [Note] C:\Program Files\MariaDB 10.9\bin\mysqld.exe (initiated by: unknown): Normal shutdown
2022-09-18 23:58:16 0 [Note] InnoDB: FTS optimize thread exiting.
2022-09-18 23:58:16 0 [Note] InnoDB: Starting shutdown...
2022-09-18 23:58:16 0 [Note] InnoDB: Dumping buffer pool(s) to C:\Program Files\MariaDB 10.9\data\ib_buffer_pool
2022-09-18 23:58:16 0 [Note] InnoDB: Buffer pool(s) dump completed at 220918 23:58:16
2022-09-18 23:58:16 0 [Note] InnoDB: Removed temporary tablespace data file: "./ibtmp1"
2022-09-18 23:58:16 0 [Note] InnoDB: Shutdown completed; log sequence number 71156; transaction id 82
2022-09-18 23:58:16 0 [Note] C:\Program Files\MariaDB 10.9\bin\mysqld.exe: Shutdown complete

2022-09-18 23:58:42 0 [Note] InnoDB: Compressed tables use zlib 1.2.12
2022-09-18 23:58:42 0 [Note] InnoDB: Number of transaction pools: 1
2022-09-18 23:58:42 0 [Note] InnoDB: Using crc32 + pclmulqdq instructions
2022-09-18 23:58:42 0 [Note] InnoDB: Initializing buffer pool, total size = 0.961GiB, chunk size = 15.375MiB
2022-09-18 23:58:42 0 [Note] InnoDB: Completed initialization of buffer pool
2022-09-18 23:58:42 0 [Note] InnoDB: File system buffers for log disabled (block size=512 bytes)
2022-09-18 23:58:42 0 [Note] InnoDB: 128 rollback segments are active.
2022-09-18 23:58:42 0 [Note] InnoDB: Setting file './ibtmp1' size to 12.000MiB. Physically writing the file full; Please wait ...
2022-09-18 23:58:42 0 [Note] InnoDB: File './ibtmp1' size is now 12.000MiB.
2022-09-18 23:58:42 0 [Note] InnoDB: log sequence number 71156; transaction id 83
2022-09-18 23:58:42 0 [Note] Plugin 'FEEDBACK' is disabled.
2022-09-18 23:58:42 0 [Note] InnoDB: Loading buffer pool(s) from C:\Program Files\MariaDB 10.9\data\ib_buffer_pool
2022-09-18 23:58:42 0 [Note] InnoDB: Buffer pool(s) load completed at 220918 23:58:42
2022-09-18 23:58:42 0 [Note] Server socket created on IP: '::'.
2022-09-18 23:58:42 0 [Note] Server socket created on IP: '0.0.0.0'.
2022-09-18 23:58:42 0 [Note] C:\Program Files\MariaDB 10.9\bin\mysqld.exe: ready for connections.
Version: '10.9.2-MariaDB'  socket: ''  port: 3308  mariadb.org binary distribution
2022-09-18 23:59:28 0 [Note] Windows service "MariaDB":  received SERVICE_CONTROL_SHUTDOWN
2022-09-18 23:59:28 0 [Note] C:\Program Files\MariaDB 10.9\bin\mysqld.exe (initiated by: unknown): Normal shutdown
2022-09-18 23:59:28 0 [Note] InnoDB: FTS optimize thread exiting.
2022-09-18 23:59:28 0 [Note] InnoDB: Starting shutdown...
2022-09-18 23:59:28 0 [Note] InnoDB: Dumping buffer pool(s) to C:\Program Files\MariaDB 10.9\data\ib_buffer_pool
2022-09-18 23:59:28 0 [Note] InnoDB: Buffer pool(s) dump completed at 220918 23:59:28
2022-09-18 23:59:28 0 [Note] InnoDB: Removed temporary tablespace data file: "./ibtmp1"
2022-09-18 23:59:28 0 [Note] InnoDB: Shutdown completed; log sequence number 71156; transaction id 84
2022-09-18 23:59:28 0 [Note] C:\Program Files\MariaDB 10.9\bin\mysqld.exe: Shutdown complete

2022-09-19 12:55:46 0 [Note] InnoDB: Compressed tables use zlib 1.2.12
2022-09-19 12:55:46 0 [Note] InnoDB: Number of transaction pools: 1
2022-09-19 12:55:46 0 [Note] InnoDB: Using crc32 + pclmulqdq instructions
2022-09-19 12:55:46 0 [Note] InnoDB: Initializing buffer pool, total size = 0.961GiB, chunk size = 15.375MiB
2022-09-19 12:55:46 0 [Note] InnoDB: Completed initialization of buffer pool
2022-09-19 12:55:46 0 [Note] InnoDB: File system buffers for log disabled (block size=512 bytes)
2022-09-19 12:55:46 0 [Note] InnoDB: 128 rollback segments are active.
2022-09-19 12:55:46 0 [Note] InnoDB: Setting file './ibtmp1' size to 12.000MiB. Physically writing the file full; Please wait ...
2022-09-19 12:55:46 0 [Note] InnoDB: File './ibtmp1' size is now 12.000MiB.
2022-09-19 12:55:46 0 [Note] InnoDB: log sequence number 71156; transaction id 83
2022-09-19 12:55:46 0 [Note] Plugin 'FEEDBACK' is disabled.
2022-09-19 12:55:46 0 [Note] InnoDB: Loading buffer pool(s) from C:\Program Files\MariaDB 10.9\data\ib_buffer_pool
2022-09-19 12:55:46 0 [Note] Server socket created on IP: '::'.
2022-09-19 12:55:46 0 [Note] Server socket created on IP: '0.0.0.0'.
2022-09-19 12:55:46 0 [Note] InnoDB: Buffer pool(s) load completed at 220919 12:55:46
2022-09-19 12:55:46 0 [Note] C:\Program Files\MariaDB 10.9\bin\mysqld.exe: ready for connections.
Version: '10.9.2-MariaDB'  socket: ''  port: 3308  mariadb.org binary distribution
2022-09-20 17:07:06 0 [Note] Windows service "MariaDB":  received SERVICE_CONTROL_SHUTDOWN
2022-09-20 17:07:06 0 [Note] C:\Program Files\MariaDB 10.9\bin\mysqld.exe (initiated by: unknown): Normal shutdown
2022-09-20 17:07:06 0 [Note] InnoDB: FTS optimize thread exiting.
2022-09-20 17:07:06 0 [Note] InnoDB: Starting shutdown...
2022-09-20 17:07:06 0 [Note] InnoDB: Dumping buffer pool(s) to C:\Program Files\MariaDB 10.9\data\ib_buffer_pool
2022-09-20 17:07:06 0 [Note] InnoDB: Buffer pool(s) dump completed at 220920 17:07:06
2022-09-20 17:07:06 0 [Note] InnoDB: Removed temporary tablespace data file: "./ibtmp1"
2022-09-20 17:07:06 0 [Note] InnoDB: Shutdown completed; log sequence number 71156; transaction id 84
2022-09-20 17:07:06 0 [Note] C:\Program Files\MariaDB 10.9\bin\mysqld.exe: Shutdown complete

2022-09-20 17:07:27 0 [Note] InnoDB: Compressed tables use zlib 1.2.12
2022-09-20 17:07:27 0 [Note] InnoDB: Number of transaction pools: 1
2022-09-20 17:07:27 0 [Note] InnoDB: Using crc32 + pclmulqdq instructions
2022-09-20 17:07:27 0 [Note] InnoDB: Initializing buffer pool, total size = 0.961GiB, chunk size = 15.375MiB
2022-09-20 17:07:27 0 [Note] InnoDB: Completed initialization of buffer pool
2022-09-20 17:07:27 0 [Note] InnoDB: File system buffers for log disabled (block size=512 bytes)
2022-09-20 17:07:27 0 [Note] InnoDB: 128 rollback segments are active.
2022-09-20 17:07:27 0 [Note] InnoDB: Setting file './ibtmp1' size to 12.000MiB. Physically writing the file full; Please wait ...
2022-09-20 17:07:27 0 [Note] InnoDB: File './ibtmp1' size is now 12.000MiB.
2022-09-20 17:07:27 0 [Note] InnoDB: log sequence number 71156; transaction id 83
2022-09-20 17:07:27 0 [Note] Plugin 'FEEDBACK' is disabled.
2022-09-20 17:07:27 0 [Note] InnoDB: Loading buffer pool(s) from C:\Program Files\MariaDB 10.9\data\ib_buffer_pool
2022-09-20 17:07:27 0 [Note] InnoDB: Buffer pool(s) load completed at 220920 17:07:27
2022-09-20 17:07:27 0 [Note] Server socket created on IP: '::'.
2022-09-20 17:07:27 0 [Note] Server socket created on IP: '0.0.0.0'.
2022-09-20 17:07:28 0 [Note] C:\Program Files\MariaDB 10.9\bin\mysqld.exe: ready for connections.
Version: '10.9.2-MariaDB'  socket: ''  port: 3308  mariadb.org binary distribution
2022-09-20 17:16:10 0 [Note] Windows service "MariaDB":  received SERVICE_CONTROL_SHUTDOWN
2022-09-20 17:16:10 0 [Note] C:\Program Files\MariaDB 10.9\bin\mysqld.exe (initiated by: unknown): Normal shutdown
2022-09-20 17:16:10 0 [Note] InnoDB: FTS optimize thread exiting.
2022-09-20 17:16:10 0 [Note] InnoDB: Starting shutdown...
2022-09-20 17:16:10 0 [Note] InnoDB: Dumping buffer pool(s) to C:\Program Files\MariaDB 10.9\data\ib_buffer_pool
2022-09-20 17:16:10 0 [Note] InnoDB: Buffer pool(s) dump completed at 220920 17:16:10
2022-09-20 17:16:10 0 [Note] InnoDB: Removed temporary tablespace data file: "./ibtmp1"
2022-09-20 17:16:10 0 [Note] InnoDB: Shutdown completed; log sequence number 71156; transaction id 84
2022-09-20 17:16:10 0 [Note] C:\Program Files\MariaDB 10.9\bin\mysqld.exe: Shutdown complete

2022-09-20 17:16:31 0 [Note] InnoDB: Compressed tables use zlib 1.2.12
2022-09-20 17:16:31 0 [Note] InnoDB: Number of transaction pools: 1
2022-09-20 17:16:31 0 [Note] InnoDB: Using crc32 + pclmulqdq instructions
2022-09-20 17:16:31 0 [Note] InnoDB: Initializing buffer pool, total size = 0.961GiB, chunk size = 15.375MiB
2022-09-20 17:16:31 0 [Note] InnoDB: Completed initialization of buffer pool
2022-09-20 17:16:31 0 [Note] InnoDB: File system buffers for log disabled (block size=512 bytes)
2022-09-20 17:16:31 0 [Note] InnoDB: 128 rollback segments are active.
2022-09-20 17:16:31 0 [Note] InnoDB: Setting file './ibtmp1' size to 12.000MiB. Physically writing the file full; Please wait ...
2022-09-20 17:16:31 0 [Note] InnoDB: File './ibtmp1' size is now 12.000MiB.
2022-09-20 17:16:31 0 [Note] InnoDB: log sequence number 71156; transaction id 83
2022-09-20 17:16:31 0 [Note] Plugin 'FEEDBACK' is disabled.
2022-09-20 17:16:31 0 [Note] InnoDB: Loading buffer pool(s) from C:\Program Files\MariaDB 10.9\data\ib_buffer_pool
2022-09-20 17:16:31 0 [Note] Server socket created on IP: '::'.
2022-09-20 17:16:31 0 [Note] Server socket created on IP: '0.0.0.0'.
2022-09-20 17:16:31 0 [Note] InnoDB: Buffer pool(s) load completed at 220920 17:16:31
2022-09-20 17:16:31 0 [Note] C:\Program Files\MariaDB 10.9\bin\mysqld.exe: ready for connections.
Version: '10.9.2-MariaDB'  socket: ''  port: 3308  mariadb.org binary distribution
2022-09-20 17:23:40 0 [Note] Windows service "MariaDB":  received SERVICE_CONTROL_SHUTDOWN
2022-09-20 17:23:40 0 [Note] C:\Program Files\MariaDB 10.9\bin\mysqld.exe (initiated by: unknown): Normal shutdown
2022-09-20 17:23:40 0 [Note] InnoDB: FTS optimize thread exiting.
2022-09-20 17:23:40 0 [Note] InnoDB: Starting shutdown...
2022-09-20 17:23:40 0 [Note] InnoDB: Dumping buffer pool(s) to C:\Program Files\MariaDB 10.9\data\ib_buffer_pool
2022-09-20 17:23:40 0 [Note] InnoDB: Buffer pool(s) dump completed at 220920 17:23:40
2022-09-20 17:23:40 0 [Note] InnoDB: Removed temporary tablespace data file: "./ibtmp1"
2022-09-20 17:23:40 0 [Note] InnoDB: Shutdown completed; log sequence number 71156; transaction id 84
2022-09-20 17:23:40 0 [Note] C:\Program Files\MariaDB 10.9\bin\mysqld.exe: Shutdown complete

2022-09-20 17:24:00 0 [Note] InnoDB: Compressed tables use zlib 1.2.12
2022-09-20 17:24:00 0 [Note] InnoDB: Number of transaction pools: 1
2022-09-20 17:24:00 0 [Note] InnoDB: Using crc32 + pclmulqdq instructions
2022-09-20 17:24:01 0 [Note] InnoDB: Initializing buffer pool, total size = 0.961GiB, chunk size = 15.375MiB
2022-09-20 17:24:01 0 [Note] InnoDB: Completed initialization of buffer pool
2022-09-20 17:24:01 0 [Note] InnoDB: File system buffers for log disabled (block size=512 bytes)
2022-09-20 17:24:01 0 [Note] InnoDB: 128 rollback segments are active.
2022-09-20 17:24:01 0 [Note] InnoDB: Setting file './ibtmp1' size to 12.000MiB. Physically writing the file full; Please wait ...
2022-09-20 17:24:01 0 [Note] InnoDB: File './ibtmp1' size is now 12.000MiB.
2022-09-20 17:24:01 0 [Note] InnoDB: log sequence number 71156; transaction id 83
2022-09-20 17:24:01 0 [Note] Plugin 'FEEDBACK' is disabled.
2022-09-20 17:24:01 0 [Note] InnoDB: Loading buffer pool(s) from C:\Program Files\MariaDB 10.9\data\ib_buffer_pool
2022-09-20 17:24:01 0 [Note] Server socket created on IP: '::'.
2022-09-20 17:24:01 0 [Note] Server socket created on IP: '0.0.0.0'.
2022-09-20 17:24:01 0 [Note] InnoDB: Buffer pool(s) load completed at 220920 17:24:01
2022-09-20 17:24:01 0 [Note] C:\Program Files\MariaDB 10.9\bin\mysqld.exe: ready for connections.
Version: '10.9.2-MariaDB'  socket: ''  port: 3308  mariadb.org binary distribution
2022-09-20 17:29:02 0 [Note] Windows service "MariaDB":  received SERVICE_CONTROL_SHUTDOWN
2022-09-20 17:29:02 0 [Note] C:\Program Files\MariaDB 10.9\bin\mysqld.exe (initiated by: unknown): Normal shutdown
2022-09-20 17:29:02 0 [Note] InnoDB: FTS optimize thread exiting.
2022-09-20 17:29:02 0 [Note] InnoDB: Starting shutdown...
2022-09-20 17:29:02 0 [Note] InnoDB: Dumping buffer pool(s) to C:\Program Files\MariaDB 10.9\data\ib_buffer_pool
2022-09-20 17:29:02 0 [Note] InnoDB: Buffer pool(s) dump completed at 220920 17:29:02
2022-09-20 17:29:02 0 [Note] InnoDB: Removed temporary tablespace data file: "./ibtmp1"
2022-09-20 17:29:02 0 [Note] InnoDB: Shutdown completed; log sequence number 71156; transaction id 84
2022-09-20 17:29:02 0 [Note] C:\Program Files\MariaDB 10.9\bin\mysqld.exe: Shutdown complete

2022-09-20 17:29:21 0 [Note] InnoDB: Compressed tables use zlib 1.2.12
2022-09-20 17:29:21 0 [Note] InnoDB: Number of transaction pools: 1
2022-09-20 17:29:21 0 [Note] InnoDB: Using crc32 + pclmulqdq instructions
2022-09-20 17:29:21 0 [Note] InnoDB: Initializing buffer pool, total size = 0.961GiB, chunk size = 15.375MiB
2022-09-20 17:29:21 0 [Note] InnoDB: Completed initialization of buffer pool
2022-09-20 17:29:21 0 [Note] InnoDB: File system buffers for log disabled (block size=512 bytes)
2022-09-20 17:29:21 0 [Note] InnoDB: 128 rollback segments are active.
2022-09-20 17:29:21 0 [Note] InnoDB: Setting file './ibtmp1' size to 12.000MiB. Physically writing the file full; Please wait ...
2022-09-20 17:29:21 0 [Note] InnoDB: File './ibtmp1' size is now 12.000MiB.
2022-09-20 17:29:21 0 [Note] InnoDB: log sequence number 71156; transaction id 83
2022-09-20 17:29:21 0 [Note] Plugin 'FEEDBACK' is disabled.
2022-09-20 17:29:21 0 [Note] InnoDB: Loading buffer pool(s) from C:\Program Files\MariaDB 10.9\data\ib_buffer_pool
2022-09-20 17:29:21 0 [Note] Server socket created on IP: '::'.
2022-09-20 17:29:21 0 [Note] Server socket created on IP: '0.0.0.0'.
2022-09-20 17:29:21 0 [Note] C:\Program Files\MariaDB 10.9\bin\mysqld.exe: ready for connections.
Version: '10.9.2-MariaDB'  socket: ''  port: 3308  mariadb.org binary distribution
2022-09-20 17:29:21 0 [Note] InnoDB: Buffer pool(s) load completed at 220920 17:29:21
2022-09-20 17:34:33 0 [Note] Windows service "MariaDB":  received SERVICE_CONTROL_SHUTDOWN
2022-09-20 17:34:33 0 [Note] C:\Program Files\MariaDB 10.9\bin\mysqld.exe (initiated by: unknown): Normal shutdown
2022-09-20 17:34:33 0 [Note] InnoDB: FTS optimize thread exiting.
2022-09-20 17:34:33 0 [Note] InnoDB: Starting shutdown...
2022-09-20 17:34:33 0 [Note] InnoDB: Dumping buffer pool(s) to C:\Program Files\MariaDB 10.9\data\ib_buffer_pool
2022-09-20 17:34:33 0 [Note] InnoDB: Buffer pool(s) dump completed at 220920 17:34:33
2022-09-20 17:34:33 0 [Note] InnoDB: Removed temporary tablespace data file: "./ibtmp1"
2022-09-20 17:34:33 0 [Note] InnoDB: Shutdown completed; log sequence number 71156; transaction id 84
2022-09-20 17:34:33 0 [Note] C:\Program Files\MariaDB 10.9\bin\mysqld.exe: Shutdown complete

2022-09-20 17:34:55 0 [Note] InnoDB: Compressed tables use zlib 1.2.12
2022-09-20 17:34:55 0 [Note] InnoDB: Number of transaction pools: 1
2022-09-20 17:34:55 0 [Note] InnoDB: Using crc32 + pclmulqdq instructions
2022-09-20 17:34:55 0 [Note] InnoDB: Initializing buffer pool, total size = 0.961GiB, chunk size = 15.375MiB
2022-09-20 17:34:55 0 [Note] InnoDB: Completed initialization of buffer pool
2022-09-20 17:34:55 0 [Note] InnoDB: File system buffers for log disabled (block size=512 bytes)
2022-09-20 17:34:55 0 [Note] InnoDB: 128 rollback segments are active.
2022-09-20 17:34:55 0 [Note] InnoDB: Setting file './ibtmp1' size to 12.000MiB. Physically writing the file full; Please wait ...
2022-09-20 17:34:55 0 [Note] InnoDB: File './ibtmp1' size is now 12.000MiB.
2022-09-20 17:34:55 0 [Note] InnoDB: log sequence number 71156; transaction id 83
2022-09-20 17:34:55 0 [Note] Plugin 'FEEDBACK' is disabled.
2022-09-20 17:34:55 0 [Note] InnoDB: Loading buffer pool(s) from C:\Program Files\MariaDB 10.9\data\ib_buffer_pool
2022-09-20 17:34:55 0 [Note] Server socket created on IP: '::'.
2022-09-20 17:34:55 0 [Note] Server socket created on IP: '0.0.0.0'.
2022-09-20 17:34:55 0 [Note] InnoDB: Buffer pool(s) load completed at 220920 17:34:55
2022-09-20 17:34:55 0 [Note] C:\Program Files\MariaDB 10.9\bin\mysqld.exe: ready for connections.
Version: '10.9.2-MariaDB'  socket: ''  port: 3308  mariadb.org binary distribution
2022-09-20 17:38:43 0 [Note] Windows service "MariaDB":  received SERVICE_CONTROL_SHUTDOWN
2022-09-20 17:38:43 0 [Note] C:\Program Files\MariaDB 10.9\bin\mysqld.exe (initiated by: unknown): Normal shutdown
2022-09-20 17:38:43 0 [Note] InnoDB: FTS optimize thread exiting.
2022-09-20 17:38:43 0 [Note] InnoDB: Starting shutdown...
2022-09-20 17:38:43 0 [Note] InnoDB: Dumping buffer pool(s) to C:\Program Files\MariaDB 10.9\data\ib_buffer_pool
2022-09-20 17:38:43 0 [Note] InnoDB: Buffer pool(s) dump completed at 220920 17:38:43
2022-09-20 17:38:43 0 [Note] InnoDB: Removed temporary tablespace data file: "./ibtmp1"
2022-09-20 17:38:43 0 [Note] InnoDB: Shutdown completed; log sequence number 71156; transaction id 84
2022-09-20 17:38:43 0 [Note] C:\Program Files\MariaDB 10.9\bin\mysqld.exe: Shutdown complete

2022-09-20 17:39:17 0 [Note] InnoDB: Compressed tables use zlib 1.2.12
2022-09-20 17:39:17 0 [Note] InnoDB: Number of transaction pools: 1
2022-09-20 17:39:17 0 [Note] InnoDB: Using crc32 + pclmulqdq instructions
2022-09-20 17:39:17 0 [Note] InnoDB: Initializing buffer pool, total size = 0.961GiB, chunk size = 15.375MiB
2022-09-20 17:39:17 0 [Note] InnoDB: Completed initialization of buffer pool
2022-09-20 17:39:17 0 [Note] InnoDB: File system buffers for log disabled (block size=512 bytes)
2022-09-20 17:39:17 0 [Note] InnoDB: 128 rollback segments are active.
2022-09-20 17:39:17 0 [Note] InnoDB: Setting file './ibtmp1' size to 12.000MiB. Physically writing the file full; Please wait ...
2022-09-20 17:39:17 0 [Note] InnoDB: File './ibtmp1' size is now 12.000MiB.
2022-09-20 17:39:17 0 [Note] InnoDB: log sequence number 71156; transaction id 83
2022-09-20 17:39:17 0 [Note] Plugin 'FEEDBACK' is disabled.
2022-09-20 17:39:17 0 [Note] InnoDB: Loading buffer pool(s) from C:\Program Files\MariaDB 10.9\data\ib_buffer_pool
2022-09-20 17:39:17 0 [Note] Server socket created on IP: '::'.
2022-09-20 17:39:17 0 [Note] Server socket created on IP: '0.0.0.0'.
2022-09-20 17:39:17 0 [Note] InnoDB: Buffer pool(s) load completed at 220920 17:39:17
2022-09-20 17:39:17 0 [Note] C:\Program Files\MariaDB 10.9\bin\mysqld.exe: ready for connections.
Version: '10.9.2-MariaDB'  socket: ''  port: 3308  mariadb.org binary distribution
2022-09-20 17:45:57 0 [Note] Windows service "MariaDB":  received SERVICE_CONTROL_SHUTDOWN
2022-09-20 17:45:57 0 [Note] C:\Program Files\MariaDB 10.9\bin\mysqld.exe (initiated by: unknown): Normal shutdown
2022-09-20 17:45:57 0 [Note] InnoDB: FTS optimize thread exiting.
2022-09-20 17:45:57 0 [Note] InnoDB: Starting shutdown...
2022-09-20 17:45:57 0 [Note] InnoDB: Dumping buffer pool(s) to C:\Program Files\MariaDB 10.9\data\ib_buffer_pool
2022-09-20 17:45:57 0 [Note] InnoDB: Buffer pool(s) dump completed at 220920 17:45:57
2022-09-20 17:45:58 0 [Note] InnoDB: Removed temporary tablespace data file: "./ibtmp1"
2022-09-20 17:45:58 0 [Note] InnoDB: Shutdown completed; log sequence number 71156; transaction id 84
2022-09-20 17:45:58 0 [Note] C:\Program Files\MariaDB 10.9\bin\mysqld.exe: Shutdown complete

2022-09-20 17:46:16 0 [Note] InnoDB: Compressed tables use zlib 1.2.12
2022-09-20 17:46:16 0 [Note] InnoDB: Number of transaction pools: 1
2022-09-20 17:46:16 0 [Note] InnoDB: Using crc32 + pclmulqdq instructions
2022-09-20 17:46:16 0 [Note] InnoDB: Initializing buffer pool, total size = 0.961GiB, chunk size = 15.375MiB
2022-09-20 17:46:16 0 [Note] InnoDB: Completed initialization of buffer pool
2022-09-20 17:46:16 0 [Note] InnoDB: File system buffers for log disabled (block size=512 bytes)
2022-09-20 17:46:16 0 [Note] InnoDB: 128 rollback segments are active.
2022-09-20 17:46:16 0 [Note] InnoDB: Setting file './ibtmp1' size to 12.000MiB. Physically writing the file full; Please wait ...
2022-09-20 17:46:16 0 [Note] InnoDB: File './ibtmp1' size is now 12.000MiB.
2022-09-20 17:46:16 0 [Note] InnoDB: log sequence number 71156; transaction id 83
2022-09-20 17:46:16 0 [Note] Plugin 'FEEDBACK' is disabled.
2022-09-20 17:46:16 0 [Note] InnoDB: Loading buffer pool(s) from C:\Program Files\MariaDB 10.9\data\ib_buffer_pool
2022-09-20 17:46:16 0 [Note] Server socket created on IP: '::'.
2022-09-20 17:46:16 0 [Note] Server socket created on IP: '0.0.0.0'.
2022-09-20 17:46:16 0 [Note] InnoDB: Buffer pool(s) load completed at 220920 17:46:16
2022-09-20 17:46:16 0 [Note] C:\Program Files\MariaDB 10.9\bin\mysqld.exe: ready for connections.
Version: '10.9.2-MariaDB'  socket: ''  port: 3308  mariadb.org binary distribution
2022-09-20 17:49:18 0 [Note] Windows service "MariaDB":  received SERVICE_CONTROL_SHUTDOWN
2022-09-20 17:49:18 0 [Note] C:\Program Files\MariaDB 10.9\bin\mysqld.exe (initiated by: unknown): Normal shutdown
2022-09-20 17:49:18 0 [Note] InnoDB: FTS optimize thread exiting.
2022-09-20 17:49:18 0 [Note] InnoDB: Starting shutdown...
2022-09-20 17:49:18 0 [Note] InnoDB: Dumping buffer pool(s) to C:\Program Files\MariaDB 10.9\data\ib_buffer_pool
2022-09-20 17:49:18 0 [Note] InnoDB: Buffer pool(s) dump completed at 220920 17:49:18
2022-09-20 17:49:18 0 [Note] InnoDB: Removed temporary tablespace data file: "./ibtmp1"
2022-09-20 17:49:18 0 [Note] InnoDB: Shutdown completed; log sequence number 71156; transaction id 84
2022-09-20 17:49:18 0 [Note] C:\Program Files\MariaDB 10.9\bin\mysqld.exe: Shutdown complete

2022-09-20 17:49:55 0 [Note] InnoDB: Compressed tables use zlib 1.2.12
2022-09-20 17:49:55 0 [Note] InnoDB: Number of transaction pools: 1
2022-09-20 17:49:55 0 [Note] InnoDB: Using crc32 + pclmulqdq instructions
2022-09-20 17:49:55 0 [Note] InnoDB: Initializing buffer pool, total size = 0.961GiB, chunk size = 15.375MiB
2022-09-20 17:49:55 0 [Note] InnoDB: Completed initialization of buffer pool
2022-09-20 17:49:55 0 [Note] InnoDB: File system buffers for log disabled (block size=512 bytes)
2022-09-20 17:49:55 0 [Note] InnoDB: 128 rollback segments are active.
2022-09-20 17:49:55 0 [Note] InnoDB: Setting file './ibtmp1' size to 12.000MiB. Physically writing the file full; Please wait ...
2022-09-20 17:49:55 0 [Note] InnoDB: File './ibtmp1' size is now 12.000MiB.
2022-09-20 17:49:55 0 [Note] InnoDB: log sequence number 71156; transaction id 83
2022-09-20 17:49:55 0 [Note] Plugin 'FEEDBACK' is disabled.
2022-09-20 17:49:55 0 [Note] InnoDB: Loading buffer pool(s) from C:\Program Files\MariaDB 10.9\data\ib_buffer_pool
2022-09-20 17:49:55 0 [Note] InnoDB: Buffer pool(s) load completed at 220920 17:49:55
2022-09-20 17:49:55 0 [Note] Server socket created on IP: '::'.
2022-09-20 17:49:55 0 [Note] Server socket created on IP: '0.0.0.0'.
2022-09-20 17:49:55 0 [Note] C:\Program Files\MariaDB 10.9\bin\mysqld.exe: ready for connections.
Version: '10.9.2-MariaDB'  socket: ''  port: 3308  mariadb.org binary distribution
2022-09-20 21:07:44 0 [Note] Windows service "MariaDB":  received SERVICE_CONTROL_SHUTDOWN
2022-09-20 21:07:44 0 [Note] C:\Program Files\MariaDB 10.9\bin\mysqld.exe (initiated by: unknown): Normal shutdown
2022-09-20 21:07:44 0 [Note] InnoDB: FTS optimize thread exiting.
2022-09-20 21:07:44 0 [Note] InnoDB: Starting shutdown...
2022-09-20 21:07:44 0 [Note] InnoDB: Dumping buffer pool(s) to C:\Program Files\MariaDB 10.9\data\ib_buffer_pool
2022-09-20 21:07:44 0 [Note] InnoDB: Buffer pool(s) dump completed at 220920 21:07:44
2022-09-20 21:07:44 0 [Note] InnoDB: Removed temporary tablespace data file: "./ibtmp1"
2022-09-20 21:07:44 0 [Note] InnoDB: Shutdown completed; log sequence number 71156; transaction id 84
2022-09-20 21:07:44 0 [Note] C:\Program Files\MariaDB 10.9\bin\mysqld.exe: Shutdown complete

2022-09-20 21:08:25 0 [Note] InnoDB: Compressed tables use zlib 1.2.12
2022-09-20 21:08:25 0 [Note] InnoDB: Number of transaction pools: 1
2022-09-20 21:08:25 0 [Note] InnoDB: Using crc32 + pclmulqdq instructions
2022-09-20 21:08:25 0 [Note] InnoDB: Initializing buffer pool, total size = 0.961GiB, chunk size = 15.375MiB
2022-09-20 21:08:25 0 [Note] InnoDB: Completed initialization of buffer pool
2022-09-20 21:08:25 0 [Note] InnoDB: File system buffers for log disabled (block size=512 bytes)
2022-09-20 21:08:26 0 [Note] InnoDB: 128 rollback segments are active.
2022-09-20 21:08:26 0 [Note] InnoDB: Setting file './ibtmp1' size to 12.000MiB. Physically writing the file full; Please wait ...
2022-09-20 21:08:26 0 [Note] InnoDB: File './ibtmp1' size is now 12.000MiB.
2022-09-20 21:08:26 0 [Note] InnoDB: log sequence number 71156; transaction id 83
2022-09-20 21:08:26 0 [Note] Plugin 'FEEDBACK' is disabled.
2022-09-20 21:08:26 0 [Note] InnoDB: Loading buffer pool(s) from C:\Program Files\MariaDB 10.9\data\ib_buffer_pool
2022-09-20 21:08:26 0 [Note] Server socket created on IP: '::'.
2022-09-20 21:08:26 0 [Note] Server socket created on IP: '0.0.0.0'.
2022-09-20 21:08:26 0 [Note] InnoDB: Buffer pool(s) load completed at 220920 21:08:26
2022-09-20 21:08:26 0 [Note] C:\Program Files\MariaDB 10.9\bin\mysqld.exe: ready for connections.
Version: '10.9.2-MariaDB'  socket: ''  port: 3308  mariadb.org binary distribution
2022-09-20 21:13:02 0 [Note] Windows service "MariaDB":  received SERVICE_CONTROL_SHUTDOWN
2022-09-20 21:13:02 0 [Note] C:\Program Files\MariaDB 10.9\bin\mysqld.exe (initiated by: unknown): Normal shutdown
2022-09-20 21:13:02 0 [Note] InnoDB: FTS optimize thread exiting.
2022-09-20 21:13:02 0 [Note] InnoDB: Starting shutdown...
2022-09-20 21:13:02 0 [Note] InnoDB: Dumping buffer pool(s) to C:\Program Files\MariaDB 10.9\data\ib_buffer_pool
2022-09-20 21:13:02 0 [Note] InnoDB: Buffer pool(s) dump completed at 220920 21:13:02
2022-09-20 21:13:02 0 [Note] InnoDB: Removed temporary tablespace data file: "./ibtmp1"
2022-09-20 21:13:02 0 [Note] InnoDB: Shutdown completed; log sequence number 71156; transaction id 84
2022-09-20 21:13:02 0 [Note] C:\Program Files\MariaDB 10.9\bin\mysqld.exe: Shutdown complete

2022-09-20 21:13:23 0 [Note] InnoDB: Compressed tables use zlib 1.2.12
2022-09-20 21:13:23 0 [Note] InnoDB: Number of transaction pools: 1
2022-09-20 21:13:23 0 [Note] InnoDB: Using crc32 + pclmulqdq instructions
2022-09-20 21:13:23 0 [Note] InnoDB: Initializing buffer pool, total size = 0.961GiB, chunk size = 15.375MiB
2022-09-20 21:13:23 0 [Note] InnoDB: Completed initialization of buffer pool
2022-09-20 21:13:23 0 [Note] InnoDB: File system buffers for log disabled (block size=512 bytes)
2022-09-20 21:13:23 0 [Note] InnoDB: 128 rollback segments are active.
2022-09-20 21:13:23 0 [Note] InnoDB: Setting file './ibtmp1' size to 12.000MiB. Physically writing the file full; Please wait ...
2022-09-20 21:13:23 0 [Note] InnoDB: File './ibtmp1' size is now 12.000MiB.
2022-09-20 21:13:23 0 [Note] InnoDB: log sequence number 71156; transaction id 83
2022-09-20 21:13:23 0 [Note] Plugin 'FEEDBACK' is disabled.
2022-09-20 21:13:23 0 [Note] InnoDB: Loading buffer pool(s) from C:\Program Files\MariaDB 10.9\data\ib_buffer_pool
2022-09-20 21:13:23 0 [Note] InnoDB: Buffer pool(s) load completed at 220920 21:13:23
2022-09-20 21:13:23 0 [Note] Server socket created on IP: '::'.
2022-09-20 21:13:23 0 [Note] Server socket created on IP: '0.0.0.0'.
2022-09-20 21:13:23 0 [Note] C:\Program Files\MariaDB 10.9\bin\mysqld.exe: ready for connections.
Version: '10.9.2-MariaDB'  socket: ''  port: 3308  mariadb.org binary distribution
2022-09-20 21:19:04 0 [Note] Windows service "MariaDB":  received SERVICE_CONTROL_SHUTDOWN
2022-09-20 21:19:04 0 [Note] C:\Program Files\MariaDB 10.9\bin\mysqld.exe (initiated by: unknown): Normal shutdown
2022-09-20 21:19:04 0 [Note] InnoDB: FTS optimize thread exiting.
2022-09-20 21:19:04 0 [Note] InnoDB: Starting shutdown...
2022-09-20 21:19:04 0 [Note] InnoDB: Dumping buffer pool(s) to C:\Program Files\MariaDB 10.9\data\ib_buffer_pool
2022-09-20 21:19:04 0 [Note] InnoDB: Buffer pool(s) dump completed at 220920 21:19:04
2022-09-20 21:19:04 0 [Note] InnoDB: Removed temporary tablespace data file: "./ibtmp1"
2022-09-20 21:19:04 0 [Note] InnoDB: Shutdown completed; log sequence number 71156; transaction id 84
2022-09-20 21:19:04 0 [Note] C:\Program Files\MariaDB 10.9\bin\mysqld.exe: Shutdown complete

2022-09-20 21:19:46 0 [Note] InnoDB: Compressed tables use zlib 1.2.12
2022-09-20 21:19:46 0 [Note] InnoDB: Number of transaction pools: 1
2022-09-20 21:19:46 0 [Note] InnoDB: Using crc32 + pclmulqdq instructions
2022-09-20 21:19:46 0 [Note] InnoDB: Initializing buffer pool, total size = 0.961GiB, chunk size = 15.375MiB
2022-09-20 21:19:46 0 [Note] InnoDB: Completed initialization of buffer pool
2022-09-20 21:19:46 0 [Note] InnoDB: File system buffers for log disabled (block size=512 bytes)
2022-09-20 21:19:46 0 [Note] InnoDB: 128 rollback segments are active.
2022-09-20 21:19:46 0 [Note] InnoDB: Setting file './ibtmp1' size to 12.000MiB. Physically writing the file full; Please wait ...
2022-09-20 21:19:46 0 [Note] InnoDB: File './ibtmp1' size is now 12.000MiB.
2022-09-20 21:19:46 0 [Note] InnoDB: log sequence number 71156; transaction id 83
2022-09-20 21:19:46 0 [Note] Plugin 'FEEDBACK' is disabled.
2022-09-20 21:19:46 0 [Note] InnoDB: Loading buffer pool(s) from C:\Program Files\MariaDB 10.9\data\ib_buffer_pool
2022-09-20 21:19:46 0 [Note] InnoDB: Buffer pool(s) load completed at 220920 21:19:46
2022-09-20 21:19:46 0 [Note] Server socket created on IP: '::'.
2022-09-20 21:19:46 0 [Note] Server socket created on IP: '0.0.0.0'.
2022-09-20 21:19:47 0 [Note] C:\Program Files\MariaDB 10.9\bin\mysqld.exe: ready for connections.
Version: '10.9.2-MariaDB'  socket: ''  port: 3308  mariadb.org binary distribution
2022-09-20 21:30:54 0 [Note] Windows service "MariaDB":  received SERVICE_CONTROL_SHUTDOWN
2022-09-20 21:30:54 0 [Note] C:\Program Files\MariaDB 10.9\bin\mysqld.exe (initiated by: unknown): Normal shutdown
2022-09-20 21:30:55 0 [Note] InnoDB: FTS optimize thread exiting.
2022-09-20 21:30:55 0 [Note] InnoDB: Starting shutdown...
2022-09-20 21:30:55 0 [Note] InnoDB: Dumping buffer pool(s) to C:\Program Files\MariaDB 10.9\data\ib_buffer_pool
2022-09-20 21:30:55 0 [Note] InnoDB: Buffer pool(s) dump completed at 220920 21:30:55
2022-09-20 21:30:55 0 [Note] InnoDB: Removed temporary tablespace data file: "./ibtmp1"
2022-09-20 21:30:55 0 [Note] InnoDB: Shutdown completed; log sequence number 71156; transaction id 84
2022-09-20 21:30:55 0 [Note] C:\Program Files\MariaDB 10.9\bin\mysqld.exe: Shutdown complete

2022-09-20 21:31:25 0 [Note] InnoDB: Compressed tables use zlib 1.2.12
2022-09-20 21:31:25 0 [Note] InnoDB: Number of transaction pools: 1
2022-09-20 21:31:25 0 [Note] InnoDB: Using crc32 + pclmulqdq instructions
2022-09-20 21:31:25 0 [Note] InnoDB: Initializing buffer pool, total size = 0.961GiB, chunk size = 15.375MiB
2022-09-20 21:31:25 0 [Note] InnoDB: Completed initialization of buffer pool
2022-09-20 21:31:25 0 [Note] InnoDB: File system buffers for log disabled (block size=512 bytes)
2022-09-20 21:31:25 0 [Note] InnoDB: 128 rollback segments are active.
2022-09-20 21:31:25 0 [Note] InnoDB: Setting file './ibtmp1' size to 12.000MiB. Physically writing the file full; Please wait ...
2022-09-20 21:31:25 0 [Note] InnoDB: File './ibtmp1' size is now 12.000MiB.
2022-09-20 21:31:25 0 [Note] InnoDB: log sequence number 71156; transaction id 83
2022-09-20 21:31:25 0 [Note] Plugin 'FEEDBACK' is disabled.
2022-09-20 21:31:25 0 [Note] InnoDB: Loading buffer pool(s) from C:\Program Files\MariaDB 10.9\data\ib_buffer_pool
2022-09-20 21:31:25 0 [Note] Server socket created on IP: '::'.
2022-09-20 21:31:25 0 [Note] Server socket created on IP: '0.0.0.0'.
2022-09-20 21:31:25 0 [Note] InnoDB: Buffer pool(s) load completed at 220920 21:31:25
2022-09-20 21:31:25 0 [Note] C:\Program Files\MariaDB 10.9\bin\mysqld.exe: ready for connections.
Version: '10.9.2-MariaDB'  socket: ''  port: 3308  mariadb.org binary distribution
2022-09-20 23:14:29 0 [Note] Windows service "MariaDB":  received SERVICE_CONTROL_SHUTDOWN
2022-09-20 23:14:29 0 [Note] C:\Program Files\MariaDB 10.9\bin\mysqld.exe (initiated by: unknown): Normal shutdown
2022-09-20 23:14:29 0 [Note] InnoDB: FTS optimize thread exiting.
2022-09-20 23:14:30 0 [Note] InnoDB: Starting shutdown...
2022-09-20 23:14:30 0 [Note] InnoDB: Dumping buffer pool(s) to C:\Program Files\MariaDB 10.9\data\ib_buffer_pool
2022-09-20 23:14:30 0 [Note] InnoDB: Buffer pool(s) dump completed at 220920 23:14:30
2022-09-20 23:14:30 0 [Note] InnoDB: Removed temporary tablespace data file: "./ibtmp1"
2022-09-20 23:14:30 0 [Note] InnoDB: Shutdown completed; log sequence number 71156; transaction id 84
2022-09-20 23:14:30 0 [Note] C:\Program Files\MariaDB 10.9\bin\mysqld.exe: Shutdown complete

2022-09-20 23:14:50 0 [Note] InnoDB: Compressed tables use zlib 1.2.12
2022-09-20 23:14:50 0 [Note] InnoDB: Number of transaction pools: 1
2022-09-20 23:14:50 0 [Note] InnoDB: Using crc32 + pclmulqdq instructions
2022-09-20 23:14:50 0 [Note] InnoDB: Initializing buffer pool, total size = 0.961GiB, chunk size = 15.375MiB
2022-09-20 23:14:50 0 [Note] InnoDB: Completed initialization of buffer pool
2022-09-20 23:14:50 0 [Note] InnoDB: File system buffers for log disabled (block size=512 bytes)
2022-09-20 23:14:50 0 [Note] InnoDB: 128 rollback segments are active.
2022-09-20 23:14:50 0 [Note] InnoDB: Setting file './ibtmp1' size to 12.000MiB. Physically writing the file full; Please wait ...
2022-09-20 23:14:50 0 [Note] InnoDB: File './ibtmp1' size is now 12.000MiB.
2022-09-20 23:14:50 0 [Note] InnoDB: log sequence number 71156; transaction id 83
2022-09-20 23:14:50 0 [Note] Plugin 'FEEDBACK' is disabled.
2022-09-20 23:14:50 0 [Note] InnoDB: Loading buffer pool(s) from C:\Program Files\MariaDB 10.9\data\ib_buffer_pool
2022-09-20 23:14:50 0 [Note] Server socket created on IP: '::'.
2022-09-20 23:14:50 0 [Note] Server socket created on IP: '0.0.0.0'.
2022-09-20 23:14:50 0 [Note] InnoDB: Buffer pool(s) load completed at 220920 23:14:50
2022-09-20 23:14:50 0 [Note] C:\Program Files\MariaDB 10.9\bin\mysqld.exe: ready for connections.
Version: '10.9.2-MariaDB'  socket: ''  port: 3308  mariadb.org binary distribution
2022-09-23 17:14:24 3 [Warning] Access denied for user 'root'@'localhost' (using password: NO)
2022-09-23 17:14:27 4 [Warning] Access denied for user 'root'@'localhost' (using password: NO)
2022-09-23 17:14:39 5 [Warning] Access denied for user 'root'@'localhost' (using password: NO)
2022-09-23 17:14:41 6 [Warning] Access denied for user 'root'@'localhost' (using password: NO)
2022-09-23 17:15:04 7 [Warning] Access denied for user 'root'@'localhost' (using password: NO)
2022-09-23 17:15:07 8 [Warning] Access denied for user 'root'@'localhost' (using password: NO)
2022-09-23 17:15:42 9 [Warning] Access denied for user 'root'@'localhost' (using password: NO)
2022-09-23 17:15:44 10 [Warning] Access denied for user 'root'@'localhost' (using password: NO)
2022-09-23 17:15:49 11 [Warning] Access denied for user 'root'@'localhost' (using password: NO)
2022-09-23 17:15:52 12 [Warning] Access denied for user 'root'@'localhost' (using password: NO)
2022-09-23 17:16:24 13 [Warning] Access denied for user 'root'@'localhost' (using password: NO)
2022-09-23 17:16:27 14 [Warning] Access denied for user 'root'@'localhost' (using password: NO)
2022-09-23 17:18:19 15 [Warning] Access denied for user 'root'@'localhost' (using password: NO)
2022-09-23 17:18:20 16 [Warning] Access denied for user 'root'@'localhost' (using password: NO)
2022-09-23 17:18:22 17 [Warning] Access denied for user 'root'@'localhost' (using password: NO)
2022-09-23 17:18:23 18 [Warning] Access denied for user 'root'@'localhost' (using password: NO)
2022-09-23 17:19:09 19 [Warning] Access denied for user 'root'@'localhost' (using password: NO)
2022-09-23 17:19:12 20 [Warning] Access denied for user 'root'@'localhost' (using password: NO)
2022-09-23 17:19:22 21 [Warning] Access denied for user 'root'@'localhost' (using password: NO)
2022-09-23 17:19:23 22 [Warning] Access denied for user 'root'@'localhost' (using password: NO)
2022-09-23 17:19:35 23 [Warning] Access denied for user 'root'@'localhost' (using password: NO)
2022-09-23 17:19:36 24 [Warning] Access denied for user 'root'@'localhost' (using password: NO)
2022-09-23 17:19:40 25 [Warning] Access denied for user 'root'@'localhost' (using password: NO)
2022-09-23 17:19:41 26 [Warning] Access denied for user 'root'@'localhost' (using password: NO)
2022-09-23 17:19:47 27 [Warning] Access denied for user 'root'@'localhost' (using password: NO)
2022-09-23 17:19:49 28 [Warning] Access denied for user 'root'@'localhost' (using password: NO)
2022-09-23 17:19:53 29 [Warning] Access denied for user 'root'@'localhost' (using password: NO)
2022-09-23 17:19:54 30 [Warning] Access denied for user 'root'@'localhost' (using password: NO)
2022-09-23 17:21:54 31 [Warning] Access denied for user 'root'@'localhost' (using password: NO)
2022-09-23 17:23:22 32 [Warning] Access denied for user 'root'@'localhost' (using password: NO)
2022-09-23 17:23:23 33 [Warning] Access denied for user 'root'@'localhost' (using password: NO)
2022-09-23 17:25:50 34 [Warning] Access denied for user 'root'@'localhost' (using password: NO)
2022-09-23 17:25:51 35 [Warning] Access denied for user 'root'@'localhost' (using password: NO)
2022-09-23 17:26:01 36 [Warning] Access denied for user 'root'@'localhost' (using password: NO)
2022-09-23 17:26:03 37 [Warning] Access denied for user 'root'@'localhost' (using password: NO)
2022-09-23 17:26:24 38 [Warning] Access denied for user 'root'@'localhost' (using password: NO)
2022-09-23 17:26:59 39 [Warning] Access denied for user 'root'@'localhost' (using password: NO)
2022-09-23 17:29:16 40 [Warning] Access denied for user 'root'@'localhost' (using password: NO)
2022-09-23 17:29:17 41 [Warning] Access denied for user 'root'@'localhost' (using password: NO)
2022-09-23 17:29:19 42 [Warning] Access denied for user 'root'@'localhost' (using password: NO)
2022-09-23 17:29:41 43 [Warning] Access denied for user 'root'@'localhost' (using password: NO)
2022-09-23 17:29:42 44 [Warning] Access denied for user 'root'@'localhost' (using password: NO)
2022-09-23 17:30:13 45 [Warning] Aborted connection 45 to db: 'unconnected' user: 'unauthenticated' host: 'localhost' (This connection closed normally without authentication)
2022-09-23 17:31:38 46 [Warning] Access denied for user 'root'@'localhost' (using password: NO)
2022-09-23 17:31:39 47 [Warning] Access denied for user 'root'@'localhost' (using password: NO)
2022-09-23 17:32:05 48 [Warning] Access denied for user 'root'@'localhost' (using password: NO)
2022-09-23 17:32:06 49 [Warning] Access denied for user 'root'@'localhost' (using password: NO)
2022-09-23 17:32:41 50 [Warning] Access denied for user 'root'@'localhost' (using password: NO)
2022-09-23 17:33:03 51 [Warning] Access denied for user 'root'@'localhost' (using password: NO)
2022-09-23 17:33:04 52 [Warning] Access denied for user 'root'@'localhost' (using password: NO)
2022-09-23 17:33:09 53 [Warning] Access denied for user 'yser'@'localhost' (using password: NO)
2022-09-23 17:33:10 54 [Warning] Access denied for user 'yser'@'localhost' (using password: NO)
2022-09-23 17:33:15 55 [Warning] Access denied for user 'root'@'localhost' (using password: NO)
2022-09-23 17:33:16 56 [Warning] Access denied for user 'root'@'localhost' (using password: NO)
2022-09-23 17:33:20 57 [Warning] Access denied for user 'root'@'localhost' (using password: NO)
2022-09-23 17:33:21 58 [Warning] Access denied for user 'root'@'localhost' (using password: NO)
